<?xml version="1.0" encoding="UTF-8"?>
<!-- Generated by org.testng.reporters.JUnitReportReporter -->
<testsuite hostname="DESKTOP-6DEA9QC" failures="0" tests="1" name="com.fb.qa.testcases.SignUpPageTest" time="55.096" errors="0" timestamp="2022-08-12T00:14:35 IST" skipped="0">
  <testcase classname="com.fb.qa.testcases.SignUpPageTest" name="createNewAccountTest" time="55.096"/>
  <system-out/>
</testsuite> <!-- com.fb.qa.testcases.SignUpPageTest -->
